<?xml version="1.0" encoding="UTF-8"?>
<!-- Generated by org.testng.reporters.JUnitReportReporter -->
<testsuite hostname="DESKTOP-P9PVKT7" failures="0" tests="2" name="com.employeeapi.testcases.TC006_Security" time="0.070" errors="0" timestamp="2020-01-12T17:17:00 IST" skipped="0">
  <testcase classname="com.employeeapi.testcases.TC006_Security" name="checkResponseBody" time="0.061"/>
  <testcase classname="com.employeeapi.testcases.TC006_Security" name="checkStatusCode" time="0.009"/>
</testsuite> <!-- com.employeeapi.testcases.TC006_Security -->
