<?xml version="1.0" encoding="UTF-8"?>
<!-- Generated by org.testng.reporters.JUnitReportReporter -->
<testsuite hostname="DESKTOP-P9PVKT7" failures="0" tests="3" name="com.employeeapi.testcases.TC003_PostNewEmployee" time="0.015" errors="0" timestamp="2020-01-12T16:44:34 IST" skipped="0">
  <testcase classname="com.employeeapi.testcases.TC003_PostNewEmployee" name="checkResponseBody" time="0.005"/>
  <testcase classname="com.employeeapi.testcases.TC003_PostNewEmployee" name="checkResponseTime" time="0.003"/>
  <testcase classname="com.employeeapi.testcases.TC003_PostNewEmployee" name="checkStatusCode" time="0.007"/>
</testsuite> <!-- com.employeeapi.testcases.TC003_PostNewEmployee -->
