<?xml version="1.0" encoding="UTF-8"?>
<!-- Generated by org.testng.reporters.JUnitReportReporter -->
<testsuite hostname="DESKTOP-P9PVKT7" failures="0" tests="3" name="com.employeeapi.testcases.TC002_SingleEmployee" time="0.022" errors="0" timestamp="2020-01-12T16:44:34 IST" skipped="0">
  <testcase classname="com.employeeapi.testcases.TC002_SingleEmployee" name="checkStatusCode" time="0.003"/>
  <testcase classname="com.employeeapi.testcases.TC002_SingleEmployee" name="checkResponseBody" time="0.011"/>
  <testcase classname="com.employeeapi.testcases.TC002_SingleEmployee" name="checkstatusLine" time="0.008"/>
</testsuite> <!-- com.employeeapi.testcases.TC002_SingleEmployee -->
