<?xml version="1.0" encoding="UTF-8"?>
<!-- Generated by org.testng.reporters.JUnitReportReporter -->
<testsuite hostname="DESKTOP-P9PVKT7" failures="0" tests="3" name="com.employeeapi.testcases.TC01_GetAllEmployee" time="0.014" errors="0" timestamp="2020-01-12T16:44:34 IST" skipped="0">
  <testcase classname="com.employeeapi.testcases.TC01_GetAllEmployee" name="responseStatusLineCode" time="0.004"/>
  <testcase classname="com.employeeapi.testcases.TC01_GetAllEmployee" name="responseStatus" time="0.004"/>
  <testcase classname="com.employeeapi.testcases.TC01_GetAllEmployee" name="responseBody" time="0.006"/>
</testsuite> <!-- com.employeeapi.testcases.TC01_GetAllEmployee -->
