<?xml version="1.0" encoding="UTF-8"?>
<!-- Generated by org.testng.reporters.JUnitReportReporter -->
<testsuite hostname="DESKTOP-P9PVKT7" failures="0" tests="3" name="com.employeeapi.testcases.TC004_UpdateEmpDetails" time="0.030" errors="0" timestamp="2020-01-12T16:44:34 IST" skipped="0">
  <testcase classname="com.employeeapi.testcases.TC004_UpdateEmpDetails" name="checkResponseTime" time="0.003"/>
  <testcase classname="com.employeeapi.testcases.TC004_UpdateEmpDetails" name="checkStatusCode" time="0.001"/>
  <testcase classname="com.employeeapi.testcases.TC004_UpdateEmpDetails" name="checkResponseBody" time="0.026"/>
</testsuite> <!-- com.employeeapi.testcases.TC004_UpdateEmpDetails -->
