<?xml version="1.0" encoding="UTF-8"?>
<!-- Generated by org.testng.reporters.JUnitReportReporter -->
<testsuite hostname="DESKTOP-P9PVKT7" failures="0" tests="1" name="customintegration.testcases.PlivoTest" time="0.005" errors="0" timestamp="2020-01-13T13:59:30 IST" skipped="0">
  <testcase classname="customintegration.testcases.PlivoTest" name="f" time="0.005"/>
</testsuite> <!-- customintegration.testcases.PlivoTest -->
