<?xml version="1.0" encoding="UTF-8"?>
<!-- Generated by org.testng.reporters.JUnitReportReporter -->
<testsuite hostname="DESKTOP-P9PVKT7" failures="0" tests="2" name="customintegration.testcases.TC002_JoinNewlyCreatedChannel" time="0.009" errors="0" timestamp="2020-01-13T13:59:31 IST" skipped="0">
  <testcase classname="customintegration.testcases.TC002_JoinNewlyCreatedChannel" name="CheckStatusCode" time="0.002"/>
  <testcase classname="customintegration.testcases.TC002_JoinNewlyCreatedChannel" name="checkResponseBody" time="0.007"/>
</testsuite> <!-- customintegration.testcases.TC002_JoinNewlyCreatedChannel -->
